<?xml version="1.0" encoding="UTF-8"?>
<testng-results ignored="0" total="1" passed="0" failed="1" skipped="0">
  <reporter-output>
  </reporter-output>
  <suite started-at="2026-09-15T22:17:52 IST" name="OrangeHRM Automation Suite" finished-at="2026-09-15T22:18:29 IST" duration-ms="36708">
    <groups>
    </groups>
    <test started-at="2026-09-15T22:17:52 IST" name="Employee Lifecycle Management" finished-at="2026-09-15T22:18:29 IST" duration-ms="36708">
      <class name="tests.EmployeeLifecycleTest">
        <test-method is-config="true" signature="initReports()[pri:0, instance:tests.EmployeeLifecycleTest@ec2cc4]" started-at="2026-09-15T22:17:51 IST" name="initReports" finished-at="2026-09-15T22:17:52 IST" duration-ms="447" status="PASS">
          <reporter-output>
          </reporter-output>
        </test-method> <!-- initReports -->
        <test-method is-config="true" signature="setUp(java.lang.reflect.Method)[pri:0, instance:tests.EmployeeLifecycleTest@ec2cc4]" started-at="2026-09-15T22:17:52 IST" name="setUp" finished-at="2026-09-15T22:17:55 IST" duration-ms="2956" status="PASS">
          <params>
            <param index="0">
              <value>
                <![CDATA[public void tests.EmployeeLifecycleTest.employeeLifecycleManagement()]]>
              </value>
            </param>
          </params>
          <reporter-output>
          </reporter-output>
        </test-method> <!-- setUp -->
        <test-method signature="employeeLifecycleManagement()[pri:0, instance:tests.EmployeeLifecycleTest@ec2cc4]" started-at="2026-09-15T22:17:55 IST" name="employeeLifecycleManagement" finished-at="2026-09-15T22:18:28 IST" duration-ms="33366" status="FAIL">
          <exception class="org.openqa.selenium.TimeoutException">
            <message>
              <![CDATA[Expected condition failed: waiting for element to be clickable: By.xpath: //div[contains(@class,'oxd-topbar-body-nav')]//a[normalize-space()='Add Employee'] (tried for 15 second(s) with 500 milliseconds interval)
Build info: version: '4.18.1', revision: 'b1d3319b48'
System info: os.name: 'Windows 11', os.arch: 'amd64', os.version: '10.0', java.version: '17.0.20.1'
Driver info: org.openqa.selenium.chrome.ChromeDriver
Capabilities {acceptInsecureCerts: false, browserName: chrome, browserVersion: 153.0.8010.36, chrome: {chromedriverVersion: 153.0.8010.36 (507c6ee3e2f3..., userDataDir: C:\Users\SKALAM~1\AppData\L...}, fedcm:accounts: true, goog:chromeOptions: {debuggerAddress: localhost:62020}, goog:processID: 27512, networkConnectionEnabled: false, pageLoadStrategy: normal, platformName: windows, proxy: Proxy(), se:cdp: ws://localhost:62020/devtoo..., se:cdpVersion: 153.0.8010.36, setWindowRect: true, strictFileInteractability: false, timeouts: {implicit: 0, pageLoad: 300000, script: 30000}, unhandledPromptBehavior: dismiss and notify, webauthn:extension:cmtgKey: true, webauthn:extension:credBlob: true, webauthn:extension:largeBlob: true, webauthn:extension:minPinLength: true, webauthn:extension:prf: true, webauthn:virtualAuthenticators: true}
Session ID: 03388c632c423867d23862a276f884bc]]>
            </message>
            <full-stacktrace>
              <![CDATA[org.openqa.selenium.TimeoutException: Expected condition failed: waiting for element to be clickable: By.xpath: //div[contains(@class,'oxd-topbar-body-nav')]//a[normalize-space()='Add Employee'] (tried for 15 second(s) with 500 milliseconds interval)
Build info: version: '4.18.1', revision: 'b1d3319b48'
System info: os.name: 'Windows 11', os.arch: 'amd64', os.version: '10.0', java.version: '17.0.20.1'
Driver info: org.openqa.selenium.chrome.ChromeDriver
Capabilities {acceptInsecureCerts: false, browserName: chrome, browserVersion: 153.0.8010.36, chrome: {chromedriverVersion: 153.0.8010.36 (507c6ee3e2f3..., userDataDir: C:\Users\SKALAM~1\AppData\L...}, fedcm:accounts: true, goog:chromeOptions: {debuggerAddress: localhost:62020}, goog:processID: 27512, networkConnectionEnabled: false, pageLoadStrategy: normal, platformName: windows, proxy: Proxy(), se:cdp: ws://localhost:62020/devtoo..., se:cdpVersion: 153.0.8010.36, setWindowRect: true, strictFileInteractability: false, timeouts: {implicit: 0, pageLoad: 300000, script: 30000}, unhandledPromptBehavior: dismiss and notify, webauthn:extension:cmtgKey: true, webauthn:extension:credBlob: true, webauthn:extension:largeBlob: true, webauthn:extension:minPinLength: true, webauthn:extension:prf: true, webauthn:virtualAuthenticators: true}
Session ID: 03388c632c423867d23862a276f884bc
at org.openqa.selenium.support.ui.WebDriverWait.timeoutException(WebDriverWait.java:84)
at org.openqa.selenium.support.ui.FluentWait.until(FluentWait.java:228)
at utils.WaitHelper.waitForClickable(WaitHelper.java:27)
at pages.EmployeePage.goToAddEmployee(EmployeePage.java:58)
at keywords.EmployeeKeywords.addNewEmployee(EmployeeKeywords.java:30)
at tests.EmployeeLifecycleTest.employeeLifecycleManagement(EmployeeLifecycleTest.java:26)
at java.base/jdk.internal.reflect.NativeMethodAccessorImpl.invoke0(Native Method)
at java.base/jdk.internal.reflect.NativeMethodAccessorImpl.invoke(NativeMethodAccessorImpl.java:77)
at java.base/jdk.internal.reflect.DelegatingMethodAccessorImpl.invoke(DelegatingMethodAccessorImpl.java:43)
at java.base/java.lang.reflect.Method.invoke(Method.java:569)
at org.testng.internal.invokers.MethodInvocationHelper.invokeMethod(MethodInvocationHelper.java:139)
at org.testng.internal.invokers.TestInvoker.invokeMethod(TestInvoker.java:664)
at org.testng.internal.invokers.TestInvoker.invokeTestMethod(TestInvoker.java:228)
at org.testng.internal.invokers.MethodRunner.runInSequence(MethodRunner.java:63)
at org.testng.internal.invokers.TestInvoker$MethodInvocationAgent.invoke(TestInvoker.java:961)
at org.testng.internal.invokers.TestInvoker.invokeTestMethods(TestInvoker.java:201)
at org.testng.internal.invokers.TestMethodWorker.invokeTestMethods(TestMethodWorker.java:148)
at org.testng.internal.invokers.TestMethodWorker.run(TestMethodWorker.java:128)
at java.base/java.util.ArrayList.forEach(ArrayList.java:1511)
at org.testng.TestRunner.privateRun(TestRunner.java:819)
at org.testng.TestRunner.run(TestRunner.java:619)
at org.testng.SuiteRunner.runTest(SuiteRunner.java:443)
at org.testng.SuiteRunner.runSequentially(SuiteRunner.java:437)
at org.testng.SuiteRunner.privateRun(SuiteRunner.java:397)
at org.testng.SuiteRunner.run(SuiteRunner.java:336)
at org.testng.SuiteRunnerWorker.runSuite(SuiteRunnerWorker.java:52)
at org.testng.SuiteRunnerWorker.run(SuiteRunnerWorker.java:95)
at org.testng.TestNG.runSuitesSequentially(TestNG.java:1301)
at org.testng.TestNG.runSuitesLocally(TestNG.java:1228)
at org.testng.TestNG.runSuites(TestNG.java:1134)
at org.testng.TestNG.run(TestNG.java:1101)
at org.apache.maven.surefire.testng.TestNGExecutor.run(TestNGExecutor.java:308)
at org.apache.maven.surefire.testng.TestNGXmlTestSuite.execute(TestNGXmlTestSuite.java:71)
at org.apache.maven.surefire.testng.TestNGProvider.invoke(TestNGProvider.java:113)
at org.apache.maven.surefire.booter.ForkedBooter.runSuitesInProcess(ForkedBooter.java:385)
at org.apache.maven.surefire.booter.ForkedBooter.execute(ForkedBooter.java:162)
at org.apache.maven.surefire.booter.ForkedBooter.run(ForkedBooter.java:507)
at org.apache.maven.surefire.booter.ForkedBooter.main(ForkedBooter.java:495)
]]>
            </full-stacktrace>
          </exception> <!-- org.openqa.selenium.TimeoutException -->
          <reporter-output>
          </reporter-output>
        </test-method> <!-- employeeLifecycleManagement -->
        <test-method is-config="true" signature="tearDown(org.testng.ITestResult)[pri:0, instance:tests.EmployeeLifecycleTest@ec2cc4]" started-at="2026-09-15T22:18:28 IST" name="tearDown" finished-at="2026-09-15T22:18:29 IST" duration-ms="329" status="PASS">
          <params>
            <param index="0">
              <value>
                <![CDATA[[TestResult name=employeeLifecycleManagement status=FAILURE method=EmployeeLifecycleTest.employeeLifecycleManagement()[pri:0, instance:tests.EmployeeLifecycleTest@ec2cc4] output={null}]]]>
              </value>
            </param>
          </params>
          <reporter-output>
          </reporter-output>
        </test-method> <!-- tearDown -->
        <test-method is-config="true" signature="flushReports()[pri:0, instance:tests.EmployeeLifecycleTest@ec2cc4]" started-at="2026-09-15T22:18:29 IST" name="flushReports" finished-at="2026-09-15T22:18:30 IST" duration-ms="967" status="PASS">
          <reporter-output>
          </reporter-output>
        </test-method> <!-- flushReports -->
      </class> <!-- tests.EmployeeLifecycleTest -->
    </test> <!-- Employee Lifecycle Management -->
  </suite> <!-- OrangeHRM Automation Suite -->
</testng-results>
